<?xml version="1.0" encoding="UTF-8"?>
<!-- Generated by org.testng.reporters.JUnitReportReporter -->
<testsuite hostname="DESKTOP-HT0VM72" name="testcases.VerifyLoginPageWithReportExtent" tests="1" failures="0" timestamp="10 Mar 2018 20:09:38 GMT" time="38.958" errors="0">
  <testcase name="testHomePage" time="38.958" classname="testcases.VerifyLoginPageWithReportExtent"/>
</testsuite> <!-- testcases.VerifyLoginPageWithReportExtent -->
