<?xml version="1.0" encoding="UTF-8"?>
<!-- Generated by org.testng.reporters.JUnitReportReporter -->
<testsuite hostname="DESKTOP-HT0VM72" name="testcases.VerifyLoginPageWithReportExtentWithScreenshot" tests="1" failures="0" timestamp="11 Mar 2018 08:01:13 GMT" time="34.679" errors="0">
  <testcase name="testHomePage" time="34.679" classname="testcases.VerifyLoginPageWithReportExtentWithScreenshot"/>
</testsuite> <!-- testcases.VerifyLoginPageWithReportExtentWithScreenshot -->
