<?xml version="1.0" encoding="UTF-8"?>
<!-- Generated by org.testng.reporters.JUnitReportReporter -->
<testsuite hostname="DESKTOP-HT0VM72" name="testcases.VerifyLoginPage" tests="1" failures="0" timestamp="10 Mar 2018 18:45:38 GMT" time="39.167" errors="0">
  <testcase name="testHomePage" time="39.167" classname="testcases.VerifyLoginPage"/>
</testsuite> <!-- testcases.VerifyLoginPage -->
